<?xml version="1.0" encoding="UTF-8"?>
<testsuites name="New Test Suite" time="56.69" tests="7" failures="0" errors="0">
   <testsuite name="New Test Suite" tests="7" failures="0" errors="0" time="56.69" skipped="0" timestamp="27-03-2024T22:25:37" hostname="nguye - 192.168.194.1" id="Test Suites/New Test Suite">
      <properties>
         <property name="deviceName" value=""/>
         <property name="devicePlatform" value=""/>
         <property name="logFolder" value="C:\\Users\\nguye\\git\\katalon_lab4\\Reports\\20240327_222531\\New Test Suite\\20240327_222531"/>
         <property name="logFiles" value="C:\\Users\\nguye\\git\\katalon_lab4\\Reports\\20240327_222531\\New Test Suite\\20240327_222531\\execution0.log"/>
         <property name="attachments" value=""/>
         <property name="hostName" value="nguye - 192.168.194.1"/>
         <property name="os" value="Windows 11 64bit"/>
         <property name="katalonVersion" value="9.3.2.212"/>
         <property name="browser" value="Chrome 123.0.0.0"/>
         <property name="hostAddress" value="192.168.194.1"/>
         <property name="sessionId" value="ecdcd1c908d853f1fcdfa2df6cff24c0"/>
         <property name="seleniumVersion" value="3.141.59"/>
         <property name="proxyInformation" value="ProxyInformation { proxyOption=NO_PROXY, proxyServerType=HTTP, username=, password=********, proxyServerAddress=, proxyServerPort=0, executionList=&quot;&quot;, isApplyToDesiredCapabilities=true }"/>
         <property name="platform" value="Windows 11"/>
      </properties>
      <testcase name="Test Cases/New Test Case" time="9.425" classname="Test Cases/New Test Case" status="PASSED">
         <system-out><![CDATA[27-03-2024T22:25:37 - [TEST_CASE][PASSED] - Test Cases/New Test Case: Test Cases/New Test Case

27-03-2024T22:25:38 - [TEST_STEP][PASSED] - openBrowser(""): Browser is opened with url: ''

27-03-2024T22:25:38 - [MESSAGE][INFO] - Starting 'Chrome' driver

27-03-2024T22:25:38 - [MESSAGE][INFO] - Action delay is set to 0 milliseconds

27-03-2024T22:25:40 - [MESSAGE][PASSED] - Browser is opened with url: ''

27-03-2024T22:25:40 - [TEST_STEP][PASSED] - navigateToUrl("https://www.saucedemo.com/"): Navigate to 'https://www.saucedemo.com/' successfully

27-03-2024T22:25:44 - [MESSAGE][PASSED] - Navigate to 'https://www.saucedemo.com/' successfully

27-03-2024T22:25:44 - [TEST_STEP][PASSED] - setText(findTestObject("Object Repository/Page_Swag Labs/input_Swag Labs_user-name"), password): Text 'secret_sauce' is set on object 'Object Repository/Page_Swag Labs/input_Swag Labs_user-name'

27-03-2024T22:25:45 - [MESSAGE][PASSED] - Text 'secret_sauce' is set on object 'Object Repository/Page_Swag Labs/input_Swag Labs_user-name'

27-03-2024T22:25:45 - [TEST_STEP][PASSED] - setText(findTestObject("Object Repository/Page_Swag Labs/input_Swag Labs_password"), password): Text 'secret_sauce' is set on object 'Object Repository/Page_Swag Labs/input_Swag Labs_password'

27-03-2024T22:25:46 - [MESSAGE][PASSED] - Text 'secret_sauce' is set on object 'Object Repository/Page_Swag Labs/input_Swag Labs_password'

27-03-2024T22:25:46 - [TEST_STEP][PASSED] - click(findTestObject("Object Repository/Page_Swag Labs/input_Swag Labs_login-button")): Object: 'Object Repository/Page_Swag Labs/input_Swag Labs_login-button' is clicked on

27-03-2024T22:25:47 - [MESSAGE][PASSED] - Object: 'Object Repository/Page_Swag Labs/input_Swag Labs_login-button' is clicked on

27-03-2024T22:25:47 - [TEST_STEP][PASSED] - closeBrowser(): Browser is closed

27-03-2024T22:25:47 - [MESSAGE][PASSED] - Browser is closed]]></system-out>
         <system-err><![CDATA[]]></system-err>
      </testcase>
      <testcase name="Test Cases/New Test Case" time="7.579" classname="Test Cases/New Test Case" status="PASSED">
         <system-out><![CDATA[27-03-2024T22:25:47 - [TEST_CASE][PASSED] - Test Cases/New Test Case: Test Cases/New Test Case

27-03-2024T22:25:47 - [TEST_STEP][PASSED] - openBrowser(""): Browser is opened with url: ''

27-03-2024T22:25:47 - [MESSAGE][INFO] - Starting 'Chrome' driver

27-03-2024T22:25:47 - [MESSAGE][INFO] - Action delay is set to 0 milliseconds

27-03-2024T22:25:48 - [MESSAGE][PASSED] - Browser is opened with url: ''

27-03-2024T22:25:48 - [TEST_STEP][PASSED] - navigateToUrl("https://www.saucedemo.com/"): Navigate to 'https://www.saucedemo.com/' successfully

27-03-2024T22:25:51 - [MESSAGE][PASSED] - Navigate to 'https://www.saucedemo.com/' successfully

27-03-2024T22:25:51 - [TEST_STEP][PASSED] - setText(findTestObject("Object Repository/Page_Swag Labs/input_Swag Labs_user-name"), password): Text '' is set on object 'Object Repository/Page_Swag Labs/input_Swag Labs_user-name'

27-03-2024T22:25:53 - [MESSAGE][PASSED] - Text '' is set on object 'Object Repository/Page_Swag Labs/input_Swag Labs_user-name'

27-03-2024T22:25:53 - [TEST_STEP][PASSED] - setText(findTestObject("Object Repository/Page_Swag Labs/input_Swag Labs_password"), password): Text '' is set on object 'Object Repository/Page_Swag Labs/input_Swag Labs_password'

27-03-2024T22:25:54 - [MESSAGE][PASSED] - Text '' is set on object 'Object Repository/Page_Swag Labs/input_Swag Labs_password'

27-03-2024T22:25:54 - [TEST_STEP][PASSED] - click(findTestObject("Object Repository/Page_Swag Labs/input_Swag Labs_login-button")): Object: 'Object Repository/Page_Swag Labs/input_Swag Labs_login-button' is clicked on

27-03-2024T22:25:54 - [MESSAGE][PASSED] - Object: 'Object Repository/Page_Swag Labs/input_Swag Labs_login-button' is clicked on

27-03-2024T22:25:54 - [TEST_STEP][PASSED] - closeBrowser(): Browser is closed

27-03-2024T22:25:54 - [MESSAGE][PASSED] - Browser is closed]]></system-out>
         <system-err><![CDATA[]]></system-err>
      </testcase>
      <testcase name="Test Cases/New Test Case" time="7.581" classname="Test Cases/New Test Case" status="PASSED">
         <system-out><![CDATA[27-03-2024T22:25:54 - [TEST_CASE][PASSED] - Test Cases/New Test Case: Test Cases/New Test Case

27-03-2024T22:25:55 - [TEST_STEP][PASSED] - openBrowser(""): Browser is opened with url: ''

27-03-2024T22:25:55 - [MESSAGE][INFO] - Starting 'Chrome' driver

27-03-2024T22:25:55 - [MESSAGE][INFO] - Action delay is set to 0 milliseconds

27-03-2024T22:25:55 - [MESSAGE][PASSED] - Browser is opened with url: ''

27-03-2024T22:25:55 - [TEST_STEP][PASSED] - navigateToUrl("https://www.saucedemo.com/"): Navigate to 'https://www.saucedemo.com/' successfully

27-03-2024T22:25:59 - [MESSAGE][PASSED] - Navigate to 'https://www.saucedemo.com/' successfully

27-03-2024T22:25:59 - [TEST_STEP][PASSED] - setText(findTestObject("Object Repository/Page_Swag Labs/input_Swag Labs_user-name"), password): Text '' is set on object 'Object Repository/Page_Swag Labs/input_Swag Labs_user-name'

27-03-2024T22:26:01 - [MESSAGE][PASSED] - Text '' is set on object 'Object Repository/Page_Swag Labs/input_Swag Labs_user-name'

27-03-2024T22:26:01 - [TEST_STEP][PASSED] - setText(findTestObject("Object Repository/Page_Swag Labs/input_Swag Labs_password"), password): Text '' is set on object 'Object Repository/Page_Swag Labs/input_Swag Labs_password'

27-03-2024T22:26:01 - [MESSAGE][PASSED] - Text '' is set on object 'Object Repository/Page_Swag Labs/input_Swag Labs_password'

27-03-2024T22:26:01 - [TEST_STEP][PASSED] - click(findTestObject("Object Repository/Page_Swag Labs/input_Swag Labs_login-button")): Object: 'Object Repository/Page_Swag Labs/input_Swag Labs_login-button' is clicked on

27-03-2024T22:26:02 - [MESSAGE][PASSED] - Object: 'Object Repository/Page_Swag Labs/input_Swag Labs_login-button' is clicked on

27-03-2024T22:26:02 - [TEST_STEP][PASSED] - closeBrowser(): Browser is closed

27-03-2024T22:26:02 - [MESSAGE][PASSED] - Browser is closed]]></system-out>
         <system-err><![CDATA[]]></system-err>
      </testcase>
      <testcase name="Test Cases/New Test Case" time="7.769" classname="Test Cases/New Test Case" status="PASSED">
         <system-out><![CDATA[27-03-2024T22:26:02 - [TEST_CASE][PASSED] - Test Cases/New Test Case: Test Cases/New Test Case

27-03-2024T22:26:02 - [TEST_STEP][PASSED] - openBrowser(""): Browser is opened with url: ''

27-03-2024T22:26:02 - [MESSAGE][INFO] - Starting 'Chrome' driver

27-03-2024T22:26:02 - [MESSAGE][INFO] - Action delay is set to 0 milliseconds

27-03-2024T22:26:03 - [MESSAGE][PASSED] - Browser is opened with url: ''

27-03-2024T22:26:03 - [TEST_STEP][PASSED] - navigateToUrl("https://www.saucedemo.com/"): Navigate to 'https://www.saucedemo.com/' successfully

27-03-2024T22:26:07 - [MESSAGE][PASSED] - Navigate to 'https://www.saucedemo.com/' successfully

27-03-2024T22:26:07 - [TEST_STEP][PASSED] - setText(findTestObject("Object Repository/Page_Swag Labs/input_Swag Labs_user-name"), password): Text 'secret_sauce' is set on object 'Object Repository/Page_Swag Labs/input_Swag Labs_user-name'

27-03-2024T22:26:08 - [MESSAGE][PASSED] - Text 'secret_sauce' is set on object 'Object Repository/Page_Swag Labs/input_Swag Labs_user-name'

27-03-2024T22:26:08 - [TEST_STEP][PASSED] - setText(findTestObject("Object Repository/Page_Swag Labs/input_Swag Labs_password"), password): Text 'secret_sauce' is set on object 'Object Repository/Page_Swag Labs/input_Swag Labs_password'

27-03-2024T22:26:09 - [MESSAGE][PASSED] - Text 'secret_sauce' is set on object 'Object Repository/Page_Swag Labs/input_Swag Labs_password'

27-03-2024T22:26:09 - [TEST_STEP][PASSED] - click(findTestObject("Object Repository/Page_Swag Labs/input_Swag Labs_login-button")): Object: 'Object Repository/Page_Swag Labs/input_Swag Labs_login-button' is clicked on

27-03-2024T22:26:10 - [MESSAGE][PASSED] - Object: 'Object Repository/Page_Swag Labs/input_Swag Labs_login-button' is clicked on

27-03-2024T22:26:10 - [TEST_STEP][PASSED] - closeBrowser(): Browser is closed

27-03-2024T22:26:10 - [MESSAGE][PASSED] - Browser is closed]]></system-out>
         <system-err><![CDATA[]]></system-err>
      </testcase>
      <testcase name="Test Cases/New Test Case" time="7.935" classname="Test Cases/New Test Case" status="PASSED">
         <system-out><![CDATA[27-03-2024T22:26:10 - [TEST_CASE][PASSED] - Test Cases/New Test Case: Test Cases/New Test Case

27-03-2024T22:26:10 - [TEST_STEP][PASSED] - openBrowser(""): Browser is opened with url: ''

27-03-2024T22:26:10 - [MESSAGE][INFO] - Starting 'Chrome' driver

27-03-2024T22:26:10 - [MESSAGE][INFO] - Action delay is set to 0 milliseconds

27-03-2024T22:26:11 - [MESSAGE][PASSED] - Browser is opened with url: ''

27-03-2024T22:26:11 - [TEST_STEP][PASSED] - navigateToUrl("https://www.saucedemo.com/"): Navigate to 'https://www.saucedemo.com/' successfully

27-03-2024T22:26:15 - [MESSAGE][PASSED] - Navigate to 'https://www.saucedemo.com/' successfully

27-03-2024T22:26:15 - [TEST_STEP][PASSED] - setText(findTestObject("Object Repository/Page_Swag Labs/input_Swag Labs_user-name"), password): Text 'wrong_pass' is set on object 'Object Repository/Page_Swag Labs/input_Swag Labs_user-name'

27-03-2024T22:26:16 - [MESSAGE][PASSED] - Text 'wrong_pass' is set on object 'Object Repository/Page_Swag Labs/input_Swag Labs_user-name'

27-03-2024T22:26:16 - [TEST_STEP][PASSED] - setText(findTestObject("Object Repository/Page_Swag Labs/input_Swag Labs_password"), password): Text 'wrong_pass' is set on object 'Object Repository/Page_Swag Labs/input_Swag Labs_password'

27-03-2024T22:26:17 - [MESSAGE][PASSED] - Text 'wrong_pass' is set on object 'Object Repository/Page_Swag Labs/input_Swag Labs_password'

27-03-2024T22:26:17 - [TEST_STEP][PASSED] - click(findTestObject("Object Repository/Page_Swag Labs/input_Swag Labs_login-button")): Object: 'Object Repository/Page_Swag Labs/input_Swag Labs_login-button' is clicked on

27-03-2024T22:26:18 - [MESSAGE][PASSED] - Object: 'Object Repository/Page_Swag Labs/input_Swag Labs_login-button' is clicked on

27-03-2024T22:26:18 - [TEST_STEP][PASSED] - closeBrowser(): Browser is closed

27-03-2024T22:26:18 - [MESSAGE][PASSED] - Browser is closed]]></system-out>
         <system-err><![CDATA[]]></system-err>
      </testcase>
      <testcase name="Test Cases/New Test Case" time="8.2" classname="Test Cases/New Test Case" status="PASSED">
         <system-out><![CDATA[27-03-2024T22:26:18 - [TEST_CASE][PASSED] - Test Cases/New Test Case: Test Cases/New Test Case

27-03-2024T22:26:18 - [TEST_STEP][PASSED] - openBrowser(""): Browser is opened with url: ''

27-03-2024T22:26:18 - [MESSAGE][INFO] - Starting 'Chrome' driver

27-03-2024T22:26:18 - [MESSAGE][INFO] - Action delay is set to 0 milliseconds

27-03-2024T22:26:19 - [MESSAGE][PASSED] - Browser is opened with url: ''

27-03-2024T22:26:19 - [TEST_STEP][PASSED] - navigateToUrl("https://www.saucedemo.com/"): Navigate to 'https://www.saucedemo.com/' successfully

27-03-2024T22:26:22 - [MESSAGE][PASSED] - Navigate to 'https://www.saucedemo.com/' successfully

27-03-2024T22:26:22 - [TEST_STEP][PASSED] - setText(findTestObject("Object Repository/Page_Swag Labs/input_Swag Labs_user-name"), password): Text 'wrong_pass' is set on object 'Object Repository/Page_Swag Labs/input_Swag Labs_user-name'

27-03-2024T22:26:25 - [MESSAGE][PASSED] - Text 'wrong_pass' is set on object 'Object Repository/Page_Swag Labs/input_Swag Labs_user-name'

27-03-2024T22:26:25 - [TEST_STEP][PASSED] - setText(findTestObject("Object Repository/Page_Swag Labs/input_Swag Labs_password"), password): Text 'wrong_pass' is set on object 'Object Repository/Page_Swag Labs/input_Swag Labs_password'

27-03-2024T22:26:25 - [MESSAGE][PASSED] - Text 'wrong_pass' is set on object 'Object Repository/Page_Swag Labs/input_Swag Labs_password'

27-03-2024T22:26:25 - [TEST_STEP][PASSED] - click(findTestObject("Object Repository/Page_Swag Labs/input_Swag Labs_login-button")): Object: 'Object Repository/Page_Swag Labs/input_Swag Labs_login-button' is clicked on

27-03-2024T22:26:26 - [MESSAGE][PASSED] - Object: 'Object Repository/Page_Swag Labs/input_Swag Labs_login-button' is clicked on

27-03-2024T22:26:26 - [TEST_STEP][PASSED] - closeBrowser(): Browser is closed

27-03-2024T22:26:26 - [MESSAGE][PASSED] - Browser is closed]]></system-out>
         <system-err><![CDATA[]]></system-err>
      </testcase>
      <testcase name="Test Cases/New Test Case" time="7.69" classname="Test Cases/New Test Case" status="PASSED">
         <system-out><![CDATA[27-03-2024T22:26:26 - [TEST_CASE][PASSED] - Test Cases/New Test Case: Test Cases/New Test Case

27-03-2024T22:26:26 - [TEST_STEP][PASSED] - openBrowser(""): Browser is opened with url: ''

27-03-2024T22:26:26 - [MESSAGE][INFO] - Starting 'Chrome' driver

27-03-2024T22:26:26 - [MESSAGE][INFO] - Action delay is set to 0 milliseconds

27-03-2024T22:26:27 - [MESSAGE][PASSED] - Browser is opened with url: ''

27-03-2024T22:26:27 - [TEST_STEP][PASSED] - navigateToUrl("https://www.saucedemo.com/"): Navigate to 'https://www.saucedemo.com/' successfully

27-03-2024T22:26:31 - [MESSAGE][PASSED] - Navigate to 'https://www.saucedemo.com/' successfully

27-03-2024T22:26:31 - [TEST_STEP][PASSED] - setText(findTestObject("Object Repository/Page_Swag Labs/input_Swag Labs_user-name"), password): Text 'secret_sauce' is set on object 'Object Repository/Page_Swag Labs/input_Swag Labs_user-name'

27-03-2024T22:26:32 - [MESSAGE][PASSED] - Text 'secret_sauce' is set on object 'Object Repository/Page_Swag Labs/input_Swag Labs_user-name'

27-03-2024T22:26:32 - [TEST_STEP][PASSED] - setText(findTestObject("Object Repository/Page_Swag Labs/input_Swag Labs_password"), password): Text 'secret_sauce' is set on object 'Object Repository/Page_Swag Labs/input_Swag Labs_password'

27-03-2024T22:26:33 - [MESSAGE][PASSED] - Text 'secret_sauce' is set on object 'Object Repository/Page_Swag Labs/input_Swag Labs_password'

27-03-2024T22:26:33 - [TEST_STEP][PASSED] - click(findTestObject("Object Repository/Page_Swag Labs/input_Swag Labs_login-button")): Object: 'Object Repository/Page_Swag Labs/input_Swag Labs_login-button' is clicked on

27-03-2024T22:26:34 - [MESSAGE][PASSED] - Object: 'Object Repository/Page_Swag Labs/input_Swag Labs_login-button' is clicked on

27-03-2024T22:26:34 - [TEST_STEP][PASSED] - closeBrowser(): Browser is closed

27-03-2024T22:26:34 - [MESSAGE][PASSED] - Browser is closed]]></system-out>
         <system-err><![CDATA[]]></system-err>
      </testcase>
      <system-out><![CDATA[27-03-2024T22:25:37 - [TEST_SUITE][PASSED] - New Test Suite: Test Cases/New Test Case]]></system-out>
      <system-err><![CDATA[]]></system-err>
   </testsuite>
</testsuites>
